The system is: Linux - 4.7.2-2-default - x86_64
Compiling the C compiler identification source file "CMakeCCompilerId.c" succeeded.
Compiler: /usr/bin/cc 
Build flags: 
Id flags: 

The output was:
0


Compilation of the C compiler identification source "CMakeCCompilerId.c" produced "a.out"

The C compiler identification is GNU, found in "/home/renard_e/2/systeme_unix_reseaux/PSU_2016_zappy/client.d/CMakeFiles/3.6.1/CompilerIdC/a.out"

Compiling the CXX compiler identification source file "CMakeCXXCompilerId.cpp" succeeded.
Compiler: /usr/bin/c++ 
Build flags: 
Id flags: 

The output was:
0


Compilation of the CXX compiler identification source "CMakeCXXCompilerId.cpp" produced "a.out"

The CXX compiler identification is GNU, found in "/home/renard_e/2/systeme_unix_reseaux/PSU_2016_zappy/client.d/CMakeFiles/3.6.1/CompilerIdCXX/a.out"

Determining if the C compiler works passed with the following output:
Change Dir: /home/renard_e/2/systeme_unix_reseaux/PSU_2016_zappy/client.d/CMakeFiles/CMakeTmp

Run Build Command:"/usr/bin/gmake" "cmTC_4c7a8/fast"
/usr/bin/gmake -f CMakeFiles/cmTC_4c7a8.dir/build.make CMakeFiles/cmTC_4c7a8.dir/build
gmake[1]: Entering directory '/home/renard_e/2/systeme_unix_reseaux/PSU_2016_zappy/client.d/CMakeFiles/CMakeTmp'
Building C object CMakeFiles/cmTC_4c7a8.dir/testCCompiler.c.o
/usr/bin/cc     -o CMakeFiles/cmTC_4c7a8.dir/testCCompiler.c.o   -c /home/renard_e/2/systeme_unix_reseaux/PSU_2016_zappy/client.d/CMakeFiles/CMakeTmp/testCCompiler.c
Linking C executable cmTC_4c7a8
/usr/bin/cmake -E cmake_link_script CMakeFiles/cmTC_4c7a8.dir/link.txt --verbose=1
/usr/bin/cc       CMakeFiles/cmTC_4c7a8.dir/testCCompiler.c.o  -o cmTC_4c7a8 
gmake[1]: Leaving directory '/home/renard_e/2/systeme_unix_reseaux/PSU_2016_zappy/client.d/CMakeFiles/CMakeTmp'


Detecting C compiler ABI info compiled with the following output:
Change Dir: /home/renard_e/2/systeme_unix_reseaux/PSU_2016_zappy/client.d/CMakeFiles/CMakeTmp

Run Build Command:"/usr/bin/gmake" "cmTC_252e3/fast"
/usr/bin/gmake -f CMakeFiles/cmTC_252e3.dir/build.make CMakeFiles/cmTC_252e3.dir/build
gmake[1]: Entering directory '/home/renard_e/2/systeme_unix_reseaux/PSU_2016_zappy/client.d/CMakeFiles/CMakeTmp'
Building C object CMakeFiles/cmTC_252e3.dir/CMakeCCompilerABI.c.o
/usr/bin/cc     -o CMakeFiles/cmTC_252e3.dir/CMakeCCompilerABI.c.o   -c /usr/share/cmake/Modules/CMakeCCompilerABI.c
Linking C executable cmTC_252e3
/usr/bin/cmake -E cmake_link_script CMakeFiles/cmTC_252e3.dir/link.txt --verbose=1
/usr/bin/cc      -v CMakeFiles/cmTC_252e3.dir/CMakeCCompilerABI.c.o  -o cmTC_252e3  
Using built-in specs.
COLLECT_GCC=/usr/bin/cc
COLLECT_LTO_WRAPPER=/usr/lib64/gcc/x86_64-suse-linux/6/lto-wrapper
Target: x86_64-suse-linux
Configured with: ../configure --prefix=/usr --infodir=/usr/share/info --mandir=/usr/share/man --libdir=/usr/lib64 --libexecdir=/usr/lib64 --enable-languages=c,c++,objc,fortran,obj-c++,java,ada,go --enable-offload-targets=hsa --enable-checking=release --with-gxx-include-dir=/usr/include/c++/6 --enable-ssp --disable-libssp --disable-libvtv --disable-libcc1 --enable-plugin --with-bugurl=http://bugs.opensuse.org/ --with-pkgversion='SUSE Linux' --disable-libgcj --with-slibdir=/lib64 --with-system-zlib --enable-__cxa_atexit --enable-libstdcxx-allocator=new --disable-libstdcxx-pch --enable-version-specific-runtime-libs --enable-linker-build-id --enable-linux-futex --enable-gnu-indirect-function --program-suffix=-6 --without-system-libunwind --enable-multilib --with-arch-32=x86-64 --with-tune=generic --build=x86_64-suse-linux --host=x86_64-suse-linux
Thread model: posix
gcc version 6.2.1 20160830 [gcc-6-branch revision 239856] (SUSE Linux) 
COMPILER_PATH=/usr/lib64/gcc/x86_64-suse-linux/6/:/usr/lib64/gcc/x86_64-suse-linux/6/:/usr/lib64/gcc/x86_64-suse-linux/:/usr/lib64/gcc/x86_64-suse-linux/6/:/usr/lib64/gcc/x86_64-suse-linux/:/usr/lib64/gcc/x86_64-suse-linux/6/../../../../x86_64-suse-linux/bin/
LIBRARY_PATH=/usr/lib64/gcc/x86_64-suse-linux/6/:/usr/lib64/gcc/x86_64-suse-linux/6/../../../../lib64/:/lib/../lib64/:/usr/lib/../lib64/:/usr/lib64/gcc/x86_64-suse-linux/6/../../../../x86_64-suse-linux/lib/:/usr/lib64/gcc/x86_64-suse-linux/6/../../../:/lib/:/usr/lib/
COLLECT_GCC_OPTIONS='-v' '-o' 'cmTC_252e3' '-mtune=generic' '-march=x86-64'
 /usr/lib64/gcc/x86_64-suse-linux/6/collect2 -plugin /usr/lib64/gcc/x86_64-suse-linux/6/liblto_plugin.so -plugin-opt=/usr/lib64/gcc/x86_64-suse-linux/6/lto-wrapper -plugin-opt=-fresolution=/tmp/ccR6io28.res -plugin-opt=-pass-through=-lgcc -plugin-opt=-pass-through=-lgcc_s -plugin-opt=-pass-through=-lc -plugin-opt=-pass-through=-lgcc -plugin-opt=-pass-through=-lgcc_s --build-id --eh-frame-hdr -m elf_x86_64 -dynamic-linker /lib64/ld-linux-x86-64.so.2 -o cmTC_252e3 /usr/lib64/gcc/x86_64-suse-linux/6/../../../../lib64/crt1.o /usr/lib64/gcc/x86_64-suse-linux/6/../../../../lib64/crti.o /usr/lib64/gcc/x86_64-suse-linux/6/crtbegin.o -L/usr/lib64/gcc/x86_64-suse-linux/6 -L/usr/lib64/gcc/x86_64-suse-linux/6/../../../../lib64 -L/lib/../lib64 -L/usr/lib/../lib64 -L/usr/lib64/gcc/x86_64-suse-linux/6/../../../../x86_64-suse-linux/lib -L/usr/lib64/gcc/x86_64-suse-linux/6/../../.. CMakeFiles/cmTC_252e3.dir/CMakeCCompilerABI.c.o -lgcc --as-needed -lgcc_s --no-as-needed -lc -lgcc --as-needed -lgcc_s --no-as-needed /usr/lib64/gcc/x86_64-suse-linux/6/crtend.o /usr/lib64/gcc/x86_64-suse-linux/6/../../../../lib64/crtn.o
COLLECT_GCC_OPTIONS='-v' '-o' 'cmTC_252e3' '-mtune=generic' '-march=x86-64'
gmake[1]: Leaving directory '/home/renard_e/2/systeme_unix_reseaux/PSU_2016_zappy/client.d/CMakeFiles/CMakeTmp'


Parsed C implicit link information from above output:
  link line regex: [^( *|.*[/\])(ld|([^/\]+-)?ld|collect2)[^/\]*( |$)]
  ignore line: [Change Dir: /home/renard_e/2/systeme_unix_reseaux/PSU_2016_zappy/client.d/CMakeFiles/CMakeTmp]
  ignore line: []
  ignore line: [Run Build Command:"/usr/bin/gmake" "cmTC_252e3/fast"]
  ignore line: [/usr/bin/gmake -f CMakeFiles/cmTC_252e3.dir/build.make CMakeFiles/cmTC_252e3.dir/build]
  ignore line: [gmake[1]: Entering directory '/home/renard_e/2/systeme_unix_reseaux/PSU_2016_zappy/client.d/CMakeFiles/CMakeTmp']
  ignore line: [Building C object CMakeFiles/cmTC_252e3.dir/CMakeCCompilerABI.c.o]
  ignore line: [/usr/bin/cc     -o CMakeFiles/cmTC_252e3.dir/CMakeCCompilerABI.c.o   -c /usr/share/cmake/Modules/CMakeCCompilerABI.c]
  ignore line: [Linking C executable cmTC_252e3]
  ignore line: [/usr/bin/cmake -E cmake_link_script CMakeFiles/cmTC_252e3.dir/link.txt --verbose=1]
  ignore line: [/usr/bin/cc      -v CMakeFiles/cmTC_252e3.dir/CMakeCCompilerABI.c.o  -o cmTC_252e3  ]
  ignore line: [Using built-in specs.]
  ignore line: [COLLECT_GCC=/usr/bin/cc]
  ignore line: [COLLECT_LTO_WRAPPER=/usr/lib64/gcc/x86_64-suse-linux/6/lto-wrapper]
  ignore line: [Target: x86_64-suse-linux]
  ignore line: [Configured with: ../configure --prefix=/usr --infodir=/usr/share/info --mandir=/usr/share/man --libdir=/usr/lib64 --libexecdir=/usr/lib64 --enable-languages=c,c++,objc,fortran,obj-c++,java,ada,go --enable-offload-targets=hsa --enable-checking=release --with-gxx-include-dir=/usr/include/c++/6 --enable-ssp --disable-libssp --disable-libvtv --disable-libcc1 --enable-plugin --with-bugurl=http://bugs.opensuse.org/ --with-pkgversion='SUSE Linux' --disable-libgcj --with-slibdir=/lib64 --with-system-zlib --enable-__cxa_atexit --enable-libstdcxx-allocator=new --disable-libstdcxx-pch --enable-version-specific-runtime-libs --enable-linker-build-id --enable-linux-futex --enable-gnu-indirect-function --program-suffix=-6 --without-system-libunwind --enable-multilib --with-arch-32=x86-64 --with-tune=generic --build=x86_64-suse-linux --host=x86_64-suse-linux]
  ignore line: [Thread model: posix]
  ignore line: [gcc version 6.2.1 20160830 [gcc-6-branch revision 239856] (SUSE Linux) ]
  ignore line: [COMPILER_PATH=/usr/lib64/gcc/x86_64-suse-linux/6/:/usr/lib64/gcc/x86_64-suse-linux/6/:/usr/lib64/gcc/x86_64-suse-linux/:/usr/lib64/gcc/x86_64-suse-linux/6/:/usr/lib64/gcc/x86_64-suse-linux/:/usr/lib64/gcc/x86_64-suse-linux/6/../../../../x86_64-suse-linux/bin/]
  ignore line: [LIBRARY_PATH=/usr/lib64/gcc/x86_64-suse-linux/6/:/usr/lib64/gcc/x86_64-suse-linux/6/../../../../lib64/:/lib/../lib64/:/usr/lib/../lib64/:/usr/lib64/gcc/x86_64-suse-linux/6/../../../../x86_64-suse-linux/lib/:/usr/lib64/gcc/x86_64-suse-linux/6/../../../:/lib/:/usr/lib/]
  ignore line: [COLLECT_GCC_OPTIONS='-v' '-o' 'cmTC_252e3' '-mtune=generic' '-march=x86-64']
  link line: [ /usr/lib64/gcc/x86_64-suse-linux/6/collect2 -plugin /usr/lib64/gcc/x86_64-suse-linux/6/liblto_plugin.so -plugin-opt=/usr/lib64/gcc/x86_64-suse-linux/6/lto-wrapper -plugin-opt=-fresolution=/tmp/ccR6io28.res -plugin-opt=-pass-through=-lgcc -plugin-opt=-pass-through=-lgcc_s -plugin-opt=-pass-through=-lc -plugin-opt=-pass-through=-lgcc -plugin-opt=-pass-through=-lgcc_s --build-id --eh-frame-hdr -m elf_x86_64 -dynamic-linker /lib64/ld-linux-x86-64.so.2 -o cmTC_252e3 /usr/lib64/gcc/x86_64-suse-linux/6/../../../../lib64/crt1.o /usr/lib64/gcc/x86_64-suse-linux/6/../../../../lib64/crti.o /usr/lib64/gcc/x86_64-suse-linux/6/crtbegin.o -L/usr/lib64/gcc/x86_64-suse-linux/6 -L/usr/lib64/gcc/x86_64-suse-linux/6/../../../../lib64 -L/lib/../lib64 -L/usr/lib/../lib64 -L/usr/lib64/gcc/x86_64-suse-linux/6/../../../../x86_64-suse-linux/lib -L/usr/lib64/gcc/x86_64-suse-linux/6/../../.. CMakeFiles/cmTC_252e3.dir/CMakeCCompilerABI.c.o -lgcc --as-needed -lgcc_s --no-as-needed -lc -lgcc --as-needed -lgcc_s --no-as-needed /usr/lib64/gcc/x86_64-suse-linux/6/crtend.o /usr/lib64/gcc/x86_64-suse-linux/6/../../../../lib64/crtn.o]
    arg [/usr/lib64/gcc/x86_64-suse-linux/6/collect2] ==> ignore
    arg [-plugin] ==> ignore
    arg [/usr/lib64/gcc/x86_64-suse-linux/6/liblto_plugin.so] ==> ignore
    arg [-plugin-opt=/usr/lib64/gcc/x86_64-suse-linux/6/lto-wrapper] ==> ignore
    arg [-plugin-opt=-fresolution=/tmp/ccR6io28.res] ==> ignore
    arg [-plugin-opt=-pass-through=-lgcc] ==> ignore
    arg [-plugin-opt=-pass-through=-lgcc_s] ==> ignore
    arg [-plugin-opt=-pass-through=-lc] ==> ignore
    arg [-plugin-opt=-pass-through=-lgcc] ==> ignore
    arg [-plugin-opt=-pass-through=-lgcc_s] ==> ignore
    arg [--build-id] ==> ignore
    arg [--eh-frame-hdr] ==> ignore
    arg [-m] ==> ignore
    arg [elf_x86_64] ==> ignore
    arg [-dynamic-linker] ==> ignore
    arg [/lib64/ld-linux-x86-64.so.2] ==> ignore
    arg [-o] ==> ignore
    arg [cmTC_252e3] ==> ignore
    arg [/usr/lib64/gcc/x86_64-suse-linux/6/../../../../lib64/crt1.o] ==> ignore
    arg [/usr/lib64/gcc/x86_64-suse-linux/6/../../../../lib64/crti.o] ==> ignore
    arg [/usr/lib64/gcc/x86_64-suse-linux/6/crtbegin.o] ==> ignore
    arg [-L/usr/lib64/gcc/x86_64-suse-linux/6] ==> dir [/usr/lib64/gcc/x86_64-suse-linux/6]
    arg [-L/usr/lib64/gcc/x86_64-suse-linux/6/../../../../lib64] ==> dir [/usr/lib64/gcc/x86_64-suse-linux/6/../../../../lib64]
    arg [-L/lib/../lib64] ==> dir [/lib/../lib64]
    arg [-L/usr/lib/../lib64] ==> dir [/usr/lib/../lib64]
    arg [-L/usr/lib64/gcc/x86_64-suse-linux/6/../../../../x86_64-suse-linux/lib] ==> dir [/usr/lib64/gcc/x86_64-suse-linux/6/../../../../x86_64-suse-linux/lib]
    arg [-L/usr/lib64/gcc/x86_64-suse-linux/6/../../..] ==> dir [/usr/lib64/gcc/x86_64-suse-linux/6/../../..]
    arg [CMakeFiles/cmTC_252e3.dir/CMakeCCompilerABI.c.o] ==> ignore
    arg [-lgcc] ==> lib [gcc]
    arg [--as-needed] ==> ignore
    arg [-lgcc_s] ==> lib [gcc_s]
    arg [--no-as-needed] ==> ignore
    arg [-lc] ==> lib [c]
    arg [-lgcc] ==> lib [gcc]
    arg [--as-needed] ==> ignore
    arg [-lgcc_s] ==> lib [gcc_s]
    arg [--no-as-needed] ==> ignore
    arg [/usr/lib64/gcc/x86_64-suse-linux/6/crtend.o] ==> ignore
    arg [/usr/lib64/gcc/x86_64-suse-linux/6/../../../../lib64/crtn.o] ==> ignore
  remove lib [gcc]
  remove lib [gcc_s]
  remove lib [gcc]
  remove lib [gcc_s]
  collapse library dir [/usr/lib64/gcc/x86_64-suse-linux/6] ==> [/usr/lib64/gcc/x86_64-suse-linux/6]
  collapse library dir [/usr/lib64/gcc/x86_64-suse-linux/6/../../../../lib64] ==> [/usr/lib64]
  collapse library dir [/lib/../lib64] ==> [/lib64]
  collapse library dir [/usr/lib/../lib64] ==> [/usr/lib64]
  collapse library dir [/usr/lib64/gcc/x86_64-suse-linux/6/../../../../x86_64-suse-linux/lib] ==> [/usr/x86_64-suse-linux/lib]
  collapse library dir [/usr/lib64/gcc/x86_64-suse-linux/6/../../..] ==> [/usr/lib64]
  implicit libs: [c]
  implicit dirs: [/usr/lib64/gcc/x86_64-suse-linux/6;/usr/lib64;/lib64;/usr/x86_64-suse-linux/lib]
  implicit fwks: []




Detecting C [-std=c11] compiler features compiled with the following output:
Change Dir: /home/renard_e/2/systeme_unix_reseaux/PSU_2016_zappy/client.d/CMakeFiles/CMakeTmp

Run Build Command:"/usr/bin/gmake" "cmTC_d86b7/fast"
/usr/bin/gmake -f CMakeFiles/cmTC_d86b7.dir/build.make CMakeFiles/cmTC_d86b7.dir/build
gmake[1]: Entering directory '/home/renard_e/2/systeme_unix_reseaux/PSU_2016_zappy/client.d/CMakeFiles/CMakeTmp'
Building C object CMakeFiles/cmTC_d86b7.dir/feature_tests.c.o
/usr/bin/cc    -std=c11 -o CMakeFiles/cmTC_d86b7.dir/feature_tests.c.o   -c /home/renard_e/2/systeme_unix_reseaux/PSU_2016_zappy/client.d/CMakeFiles/feature_tests.c
Linking C executable cmTC_d86b7
/usr/bin/cmake -E cmake_link_script CMakeFiles/cmTC_d86b7.dir/link.txt --verbose=1
/usr/bin/cc       CMakeFiles/cmTC_d86b7.dir/feature_tests.c.o  -o cmTC_d86b7 
gmake[1]: Leaving directory '/home/renard_e/2/systeme_unix_reseaux/PSU_2016_zappy/client.d/CMakeFiles/CMakeTmp'


    Feature record: C_FEATURE:1c_function_prototypes
    Feature record: C_FEATURE:1c_restrict
    Feature record: C_FEATURE:1c_static_assert
    Feature record: C_FEATURE:1c_variadic_macros


Detecting C [-std=c99] compiler features compiled with the following output:
Change Dir: /home/renard_e/2/systeme_unix_reseaux/PSU_2016_zappy/client.d/CMakeFiles/CMakeTmp

Run Build Command:"/usr/bin/gmake" "cmTC_522a3/fast"
/usr/bin/gmake -f CMakeFiles/cmTC_522a3.dir/build.make CMakeFiles/cmTC_522a3.dir/build
gmake[1]: Entering directory '/home/renard_e/2/systeme_unix_reseaux/PSU_2016_zappy/client.d/CMakeFiles/CMakeTmp'
Building C object CMakeFiles/cmTC_522a3.dir/feature_tests.c.o
/usr/bin/cc    -std=c99 -o CMakeFiles/cmTC_522a3.dir/feature_tests.c.o   -c /home/renard_e/2/systeme_unix_reseaux/PSU_2016_zappy/client.d/CMakeFiles/feature_tests.c
Linking C executable cmTC_522a3
/usr/bin/cmake -E cmake_link_script CMakeFiles/cmTC_522a3.dir/link.txt --verbose=1
/usr/bin/cc       CMakeFiles/cmTC_522a3.dir/feature_tests.c.o  -o cmTC_522a3 
gmake[1]: Leaving directory '/home/renard_e/2/systeme_unix_reseaux/PSU_2016_zappy/client.d/CMakeFiles/CMakeTmp'


    Feature record: C_FEATURE:1c_function_prototypes
    Feature record: C_FEATURE:1c_restrict
    Feature record: C_FEATURE:0c_static_assert
    Feature record: C_FEATURE:1c_variadic_macros


Detecting C [-std=c90] compiler features compiled with the following output:
Change Dir: /home/renard_e/2/systeme_unix_reseaux/PSU_2016_zappy/client.d/CMakeFiles/CMakeTmp

Run Build Command:"/usr/bin/gmake" "cmTC_3c5d7/fast"
/usr/bin/gmake -f CMakeFiles/cmTC_3c5d7.dir/build.make CMakeFiles/cmTC_3c5d7.dir/build
gmake[1]: Entering directory '/home/renard_e/2/systeme_unix_reseaux/PSU_2016_zappy/client.d/CMakeFiles/CMakeTmp'
Building C object CMakeFiles/cmTC_3c5d7.dir/feature_tests.c.o
/usr/bin/cc    -std=c90 -o CMakeFiles/cmTC_3c5d7.dir/feature_tests.c.o   -c /home/renard_e/2/systeme_unix_reseaux/PSU_2016_zappy/client.d/CMakeFiles/feature_tests.c
Linking C executable cmTC_3c5d7
/usr/bin/cmake -E cmake_link_script CMakeFiles/cmTC_3c5d7.dir/link.txt --verbose=1
/usr/bin/cc       CMakeFiles/cmTC_3c5d7.dir/feature_tests.c.o  -o cmTC_3c5d7 
gmake[1]: Leaving directory '/home/renard_e/2/systeme_unix_reseaux/PSU_2016_zappy/client.d/CMakeFiles/CMakeTmp'


    Feature record: C_FEATURE:1c_function_prototypes
    Feature record: C_FEATURE:0c_restrict
    Feature record: C_FEATURE:0c_static_assert
    Feature record: C_FEATURE:0c_variadic_macros
Determining if the CXX compiler works passed with the following output:
Change Dir: /home/renard_e/2/systeme_unix_reseaux/PSU_2016_zappy/client.d/CMakeFiles/CMakeTmp

Run Build Command:"/usr/bin/gmake" "cmTC_06d2c/fast"
/usr/bin/gmake -f CMakeFiles/cmTC_06d2c.dir/build.make CMakeFiles/cmTC_06d2c.dir/build
gmake[1]: Entering directory '/home/renard_e/2/systeme_unix_reseaux/PSU_2016_zappy/client.d/CMakeFiles/CMakeTmp'
Building CXX object CMakeFiles/cmTC_06d2c.dir/testCXXCompiler.cxx.o
/usr/bin/c++      -o CMakeFiles/cmTC_06d2c.dir/testCXXCompiler.cxx.o -c /home/renard_e/2/systeme_unix_reseaux/PSU_2016_zappy/client.d/CMakeFiles/CMakeTmp/testCXXCompiler.cxx
Linking CXX executable cmTC_06d2c
/usr/bin/cmake -E cmake_link_script CMakeFiles/cmTC_06d2c.dir/link.txt --verbose=1
/usr/bin/c++        CMakeFiles/cmTC_06d2c.dir/testCXXCompiler.cxx.o  -o cmTC_06d2c 
gmake[1]: Leaving directory '/home/renard_e/2/systeme_unix_reseaux/PSU_2016_zappy/client.d/CMakeFiles/CMakeTmp'


Detecting CXX compiler ABI info compiled with the following output:
Change Dir: /home/renard_e/2/systeme_unix_reseaux/PSU_2016_zappy/client.d/CMakeFiles/CMakeTmp

Run Build Command:"/usr/bin/gmake" "cmTC_e8b22/fast"
/usr/bin/gmake -f CMakeFiles/cmTC_e8b22.dir/build.make CMakeFiles/cmTC_e8b22.dir/build
gmake[1]: Entering directory '/home/renard_e/2/systeme_unix_reseaux/PSU_2016_zappy/client.d/CMakeFiles/CMakeTmp'
Building CXX object CMakeFiles/cmTC_e8b22.dir/CMakeCXXCompilerABI.cpp.o
/usr/bin/c++      -o CMakeFiles/cmTC_e8b22.dir/CMakeCXXCompilerABI.cpp.o -c /usr/share/cmake/Modules/CMakeCXXCompilerABI.cpp
Linking CXX executable cmTC_e8b22
/usr/bin/cmake -E cmake_link_script CMakeFiles/cmTC_e8b22.dir/link.txt --verbose=1
/usr/bin/c++       -v CMakeFiles/cmTC_e8b22.dir/CMakeCXXCompilerABI.cpp.o  -o cmTC_e8b22  
Using built-in specs.
COLLECT_GCC=/usr/bin/c++
COLLECT_LTO_WRAPPER=/usr/lib64/gcc/x86_64-suse-linux/6/lto-wrapper
Target: x86_64-suse-linux
Configured with: ../configure --prefix=/usr --infodir=/usr/share/info --mandir=/usr/share/man --libdir=/usr/lib64 --libexecdir=/usr/lib64 --enable-languages=c,c++,objc,fortran,obj-c++,java,ada,go --enable-offload-targets=hsa --enable-checking=release --with-gxx-include-dir=/usr/include/c++/6 --enable-ssp --disable-libssp --disable-libvtv --disable-libcc1 --enable-plugin --with-bugurl=http://bugs.opensuse.org/ --with-pkgversion='SUSE Linux' --disable-libgcj --with-slibdir=/lib64 --with-system-zlib --enable-__cxa_atexit --enable-libstdcxx-allocator=new --disable-libstdcxx-pch --enable-version-specific-runtime-libs --enable-linker-build-id --enable-linux-futex --enable-gnu-indirect-function --program-suffix=-6 --without-system-libunwind --enable-multilib --with-arch-32=x86-64 --with-tune=generic --build=x86_64-suse-linux --host=x86_64-suse-linux
Thread model: posix
gcc version 6.2.1 20160830 [gcc-6-branch revision 239856] (SUSE Linux) 
COMPILER_PATH=/usr/lib64/gcc/x86_64-suse-linux/6/:/usr/lib64/gcc/x86_64-suse-linux/6/:/usr/lib64/gcc/x86_64-suse-linux/:/usr/lib64/gcc/x86_64-suse-linux/6/:/usr/lib64/gcc/x86_64-suse-linux/:/usr/lib64/gcc/x86_64-suse-linux/6/../../../../x86_64-suse-linux/bin/
LIBRARY_PATH=/usr/lib64/gcc/x86_64-suse-linux/6/:/usr/lib64/gcc/x86_64-suse-linux/6/../../../../lib64/:/lib/../lib64/:/usr/lib/../lib64/:/usr/lib64/gcc/x86_64-suse-linux/6/../../../../x86_64-suse-linux/lib/:/usr/lib64/gcc/x86_64-suse-linux/6/../../../:/lib/:/usr/lib/
COLLECT_GCC_OPTIONS='-v' '-o' 'cmTC_e8b22' '-shared-libgcc' '-mtune=generic' '-march=x86-64'
 /usr/lib64/gcc/x86_64-suse-linux/6/collect2 -plugin /usr/lib64/gcc/x86_64-suse-linux/6/liblto_plugin.so -plugin-opt=/usr/lib64/gcc/x86_64-suse-linux/6/lto-wrapper -plugin-opt=-fresolution=/tmp/cc98c4Ez.res -plugin-opt=-pass-through=-lgcc_s -plugin-opt=-pass-through=-lgcc -plugin-opt=-pass-through=-lc -plugin-opt=-pass-through=-lgcc_s -plugin-opt=-pass-through=-lgcc --build-id --eh-frame-hdr -m elf_x86_64 -dynamic-linker /lib64/ld-linux-x86-64.so.2 -o cmTC_e8b22 /usr/lib64/gcc/x86_64-suse-linux/6/../../../../lib64/crt1.o /usr/lib64/gcc/x86_64-suse-linux/6/../../../../lib64/crti.o /usr/lib64/gcc/x86_64-suse-linux/6/crtbegin.o -L/usr/lib64/gcc/x86_64-suse-linux/6 -L/usr/lib64/gcc/x86_64-suse-linux/6/../../../../lib64 -L/lib/../lib64 -L/usr/lib/../lib64 -L/usr/lib64/gcc/x86_64-suse-linux/6/../../../../x86_64-suse-linux/lib -L/usr/lib64/gcc/x86_64-suse-linux/6/../../.. CMakeFiles/cmTC_e8b22.dir/CMakeCXXCompilerABI.cpp.o -lstdc++ -lm -lgcc_s -lgcc -lc -lgcc_s -lgcc /usr/lib64/gcc/x86_64-suse-linux/6/crtend.o /usr/lib64/gcc/x86_64-suse-linux/6/../../../../lib64/crtn.o
COLLECT_GCC_OPTIONS='-v' '-o' 'cmTC_e8b22' '-shared-libgcc' '-mtune=generic' '-march=x86-64'
gmake[1]: Leaving directory '/home/renard_e/2/systeme_unix_reseaux/PSU_2016_zappy/client.d/CMakeFiles/CMakeTmp'


Parsed CXX implicit link information from above output:
  link line regex: [^( *|.*[/\])(ld|([^/\]+-)?ld|collect2)[^/\]*( |$)]
  ignore line: [Change Dir: /home/renard_e/2/systeme_unix_reseaux/PSU_2016_zappy/client.d/CMakeFiles/CMakeTmp]
  ignore line: []
  ignore line: [Run Build Command:"/usr/bin/gmake" "cmTC_e8b22/fast"]
  ignore line: [/usr/bin/gmake -f CMakeFiles/cmTC_e8b22.dir/build.make CMakeFiles/cmTC_e8b22.dir/build]
  ignore line: [gmake[1]: Entering directory '/home/renard_e/2/systeme_unix_reseaux/PSU_2016_zappy/client.d/CMakeFiles/CMakeTmp']
  ignore line: [Building CXX object CMakeFiles/cmTC_e8b22.dir/CMakeCXXCompilerABI.cpp.o]
  ignore line: [/usr/bin/c++      -o CMakeFiles/cmTC_e8b22.dir/CMakeCXXCompilerABI.cpp.o -c /usr/share/cmake/Modules/CMakeCXXCompilerABI.cpp]
  ignore line: [Linking CXX executable cmTC_e8b22]
  ignore line: [/usr/bin/cmake -E cmake_link_script CMakeFiles/cmTC_e8b22.dir/link.txt --verbose=1]
  ignore line: [/usr/bin/c++       -v CMakeFiles/cmTC_e8b22.dir/CMakeCXXCompilerABI.cpp.o  -o cmTC_e8b22  ]
  ignore line: [Using built-in specs.]
  ignore line: [COLLECT_GCC=/usr/bin/c++]
  ignore line: [COLLECT_LTO_WRAPPER=/usr/lib64/gcc/x86_64-suse-linux/6/lto-wrapper]
  ignore line: [Target: x86_64-suse-linux]
  ignore line: [Configured with: ../configure --prefix=/usr --infodir=/usr/share/info --mandir=/usr/share/man --libdir=/usr/lib64 --libexecdir=/usr/lib64 --enable-languages=c,c++,objc,fortran,obj-c++,java,ada,go --enable-offload-targets=hsa --enable-checking=release --with-gxx-include-dir=/usr/include/c++/6 --enable-ssp --disable-libssp --disable-libvtv --disable-libcc1 --enable-plugin --with-bugurl=http://bugs.opensuse.org/ --with-pkgversion='SUSE Linux' --disable-libgcj --with-slibdir=/lib64 --with-system-zlib --enable-__cxa_atexit --enable-libstdcxx-allocator=new --disable-libstdcxx-pch --enable-version-specific-runtime-libs --enable-linker-build-id --enable-linux-futex --enable-gnu-indirect-function --program-suffix=-6 --without-system-libunwind --enable-multilib --with-arch-32=x86-64 --with-tune=generic --build=x86_64-suse-linux --host=x86_64-suse-linux]
  ignore line: [Thread model: posix]
  ignore line: [gcc version 6.2.1 20160830 [gcc-6-branch revision 239856] (SUSE Linux) ]
  ignore line: [COMPILER_PATH=/usr/lib64/gcc/x86_64-suse-linux/6/:/usr/lib64/gcc/x86_64-suse-linux/6/:/usr/lib64/gcc/x86_64-suse-linux/:/usr/lib64/gcc/x86_64-suse-linux/6/:/usr/lib64/gcc/x86_64-suse-linux/:/usr/lib64/gcc/x86_64-suse-linux/6/../../../../x86_64-suse-linux/bin/]
  ignore line: [LIBRARY_PATH=/usr/lib64/gcc/x86_64-suse-linux/6/:/usr/lib64/gcc/x86_64-suse-linux/6/../../../../lib64/:/lib/../lib64/:/usr/lib/../lib64/:/usr/lib64/gcc/x86_64-suse-linux/6/../../../../x86_64-suse-linux/lib/:/usr/lib64/gcc/x86_64-suse-linux/6/../../../:/lib/:/usr/lib/]
  ignore line: [COLLECT_GCC_OPTIONS='-v' '-o' 'cmTC_e8b22' '-shared-libgcc' '-mtune=generic' '-march=x86-64']
  link line: [ /usr/lib64/gcc/x86_64-suse-linux/6/collect2 -plugin /usr/lib64/gcc/x86_64-suse-linux/6/liblto_plugin.so -plugin-opt=/usr/lib64/gcc/x86_64-suse-linux/6/lto-wrapper -plugin-opt=-fresolution=/tmp/cc98c4Ez.res -plugin-opt=-pass-through=-lgcc_s -plugin-opt=-pass-through=-lgcc -plugin-opt=-pass-through=-lc -plugin-opt=-pass-through=-lgcc_s -plugin-opt=-pass-through=-lgcc --build-id --eh-frame-hdr -m elf_x86_64 -dynamic-linker /lib64/ld-linux-x86-64.so.2 -o cmTC_e8b22 /usr/lib64/gcc/x86_64-suse-linux/6/../../../../lib64/crt1.o /usr/lib64/gcc/x86_64-suse-linux/6/../../../../lib64/crti.o /usr/lib64/gcc/x86_64-suse-linux/6/crtbegin.o -L/usr/lib64/gcc/x86_64-suse-linux/6 -L/usr/lib64/gcc/x86_64-suse-linux/6/../../../../lib64 -L/lib/../lib64 -L/usr/lib/../lib64 -L/usr/lib64/gcc/x86_64-suse-linux/6/../../../../x86_64-suse-linux/lib -L/usr/lib64/gcc/x86_64-suse-linux/6/../../.. CMakeFiles/cmTC_e8b22.dir/CMakeCXXCompilerABI.cpp.o -lstdc++ -lm -lgcc_s -lgcc -lc -lgcc_s -lgcc /usr/lib64/gcc/x86_64-suse-linux/6/crtend.o /usr/lib64/gcc/x86_64-suse-linux/6/../../../../lib64/crtn.o]
    arg [/usr/lib64/gcc/x86_64-suse-linux/6/collect2] ==> ignore
    arg [-plugin] ==> ignore
    arg [/usr/lib64/gcc/x86_64-suse-linux/6/liblto_plugin.so] ==> ignore
    arg [-plugin-opt=/usr/lib64/gcc/x86_64-suse-linux/6/lto-wrapper] ==> ignore
    arg [-plugin-opt=-fresolution=/tmp/cc98c4Ez.res] ==> ignore
    arg [-plugin-opt=-pass-through=-lgcc_s] ==> ignore
    arg [-plugin-opt=-pass-through=-lgcc] ==> ignore
    arg [-plugin-opt=-pass-through=-lc] ==> ignore
    arg [-plugin-opt=-pass-through=-lgcc_s] ==> ignore
    arg [-plugin-opt=-pass-through=-lgcc] ==> ignore
    arg [--build-id] ==> ignore
    arg [--eh-frame-hdr] ==> ignore
    arg [-m] ==> ignore
    arg [elf_x86_64] ==> ignore
    arg [-dynamic-linker] ==> ignore
    arg [/lib64/ld-linux-x86-64.so.2] ==> ignore
    arg [-o] ==> ignore
    arg [cmTC_e8b22] ==> ignore
    arg [/usr/lib64/gcc/x86_64-suse-linux/6/../../../../lib64/crt1.o] ==> ignore
    arg [/usr/lib64/gcc/x86_64-suse-linux/6/../../../../lib64/crti.o] ==> ignore
    arg [/usr/lib64/gcc/x86_64-suse-linux/6/crtbegin.o] ==> ignore
    arg [-L/usr/lib64/gcc/x86_64-suse-linux/6] ==> dir [/usr/lib64/gcc/x86_64-suse-linux/6]
    arg [-L/usr/lib64/gcc/x86_64-suse-linux/6/../../../../lib64] ==> dir [/usr/lib64/gcc/x86_64-suse-linux/6/../../../../lib64]
    arg [-L/lib/../lib64] ==> dir [/lib/../lib64]
    arg [-L/usr/lib/../lib64] ==> dir [/usr/lib/../lib64]
    arg [-L/usr/lib64/gcc/x86_64-suse-linux/6/../../../../x86_64-suse-linux/lib] ==> dir [/usr/lib64/gcc/x86_64-suse-linux/6/../../../../x86_64-suse-linux/lib]
    arg [-L/usr/lib64/gcc/x86_64-suse-linux/6/../../..] ==> dir [/usr/lib64/gcc/x86_64-suse-linux/6/../../..]
    arg [CMakeFiles/cmTC_e8b22.dir/CMakeCXXCompilerABI.cpp.o] ==> ignore
    arg [-lstdc++] ==> lib [stdc++]
    arg [-lm] ==> lib [m]
    arg [-lgcc_s] ==> lib [gcc_s]
    arg [-lgcc] ==> lib [gcc]
    arg [-lc] ==> lib [c]
    arg [-lgcc_s] ==> lib [gcc_s]
    arg [-lgcc] ==> lib [gcc]
    arg [/usr/lib64/gcc/x86_64-suse-linux/6/crtend.o] ==> ignore
    arg [/usr/lib64/gcc/x86_64-suse-linux/6/../../../../lib64/crtn.o] ==> ignore
  remove lib [gcc_s]
  remove lib [gcc]
  remove lib [gcc_s]
  remove lib [gcc]
  collapse library dir [/usr/lib64/gcc/x86_64-suse-linux/6] ==> [/usr/lib64/gcc/x86_64-suse-linux/6]
  collapse library dir [/usr/lib64/gcc/x86_64-suse-linux/6/../../../../lib64] ==> [/usr/lib64]
  collapse library dir [/lib/../lib64] ==> [/lib64]
  collapse library dir [/usr/lib/../lib64] ==> [/usr/lib64]
  collapse library dir [/usr/lib64/gcc/x86_64-suse-linux/6/../../../../x86_64-suse-linux/lib] ==> [/usr/x86_64-suse-linux/lib]
  collapse library dir [/usr/lib64/gcc/x86_64-suse-linux/6/../../..] ==> [/usr/lib64]
  implicit libs: [stdc++;m;c]
  implicit dirs: [/usr/lib64/gcc/x86_64-suse-linux/6;/usr/lib64;/lib64;/usr/x86_64-suse-linux/lib]
  implicit fwks: []




Detecting CXX [-std=c++14] compiler features compiled with the following output:
Change Dir: /home/renard_e/2/systeme_unix_reseaux/PSU_2016_zappy/client.d/CMakeFiles/CMakeTmp

Run Build Command:"/usr/bin/gmake" "cmTC_f97ef/fast"
/usr/bin/gmake -f CMakeFiles/cmTC_f97ef.dir/build.make CMakeFiles/cmTC_f97ef.dir/build
gmake[1]: Entering directory '/home/renard_e/2/systeme_unix_reseaux/PSU_2016_zappy/client.d/CMakeFiles/CMakeTmp'
Building CXX object CMakeFiles/cmTC_f97ef.dir/feature_tests.cxx.o
/usr/bin/c++     -std=c++14 -o CMakeFiles/cmTC_f97ef.dir/feature_tests.cxx.o -c /home/renard_e/2/systeme_unix_reseaux/PSU_2016_zappy/client.d/CMakeFiles/feature_tests.cxx
Linking CXX executable cmTC_f97ef
/usr/bin/cmake -E cmake_link_script CMakeFiles/cmTC_f97ef.dir/link.txt --verbose=1
/usr/bin/c++        CMakeFiles/cmTC_f97ef.dir/feature_tests.cxx.o  -o cmTC_f97ef 
gmake[1]: Leaving directory '/home/renard_e/2/systeme_unix_reseaux/PSU_2016_zappy/client.d/CMakeFiles/CMakeTmp'


    Feature record: CXX_FEATURE:1cxx_aggregate_default_initializers
    Feature record: CXX_FEATURE:1cxx_alias_templates
    Feature record: CXX_FEATURE:1cxx_alignas
    Feature record: CXX_FEATURE:1cxx_alignof
    Feature record: CXX_FEATURE:1cxx_attributes
    Feature record: CXX_FEATURE:1cxx_attribute_deprecated
    Feature record: CXX_FEATURE:1cxx_auto_type
    Feature record: CXX_FEATURE:1cxx_binary_literals
    Feature record: CXX_FEATURE:1cxx_constexpr
    Feature record: CXX_FEATURE:1cxx_contextual_conversions
    Feature record: CXX_FEATURE:1cxx_decltype
    Feature record: CXX_FEATURE:1cxx_decltype_auto
    Feature record: CXX_FEATURE:1cxx_decltype_incomplete_return_types
    Feature record: CXX_FEATURE:1cxx_default_function_template_args
    Feature record: CXX_FEATURE:1cxx_defaulted_functions
    Feature record: CXX_FEATURE:1cxx_defaulted_move_initializers
    Feature record: CXX_FEATURE:1cxx_delegating_constructors
    Feature record: CXX_FEATURE:1cxx_deleted_functions
    Feature record: CXX_FEATURE:1cxx_digit_separators
    Feature record: CXX_FEATURE:1cxx_enum_forward_declarations
    Feature record: CXX_FEATURE:1cxx_explicit_conversions
    Feature record: CXX_FEATURE:1cxx_extended_friend_declarations
    Feature record: CXX_FEATURE:1cxx_extern_templates
    Feature record: CXX_FEATURE:1cxx_final
    Feature record: CXX_FEATURE:1cxx_func_identifier
    Feature record: CXX_FEATURE:1cxx_generalized_initializers
    Feature record: CXX_FEATURE:1cxx_generic_lambdas
    Feature record: CXX_FEATURE:1cxx_inheriting_constructors
    Feature record: CXX_FEATURE:1cxx_inline_namespaces
    Feature record: CXX_FEATURE:1cxx_lambdas
    Feature record: CXX_FEATURE:1cxx_lambda_init_captures
    Feature record: CXX_FEATURE:1cxx_local_type_template_args
    Feature record: CXX_FEATURE:1cxx_long_long_type
    Feature record: CXX_FEATURE:1cxx_noexcept
    Feature record: CXX_FEATURE:1cxx_nonstatic_member_init
    Feature record: CXX_FEATURE:1cxx_nullptr
    Feature record: CXX_FEATURE:1cxx_override
    Feature record: CXX_FEATURE:1cxx_range_for
    Feature record: CXX_FEATURE:1cxx_raw_string_literals
    Feature record: CXX_FEATURE:1cxx_reference_qualified_functions
    Feature record: CXX_FEATURE:1cxx_relaxed_constexpr
    Feature record: CXX_FEATURE:1cxx_return_type_deduction
    Feature record: CXX_FEATURE:1cxx_right_angle_brackets
    Feature record: CXX_FEATURE:1cxx_rvalue_references
    Feature record: CXX_FEATURE:1cxx_sizeof_member
    Feature record: CXX_FEATURE:1cxx_static_assert
    Feature record: CXX_FEATURE:1cxx_strong_enums
    Feature record: CXX_FEATURE:1cxx_template_template_parameters
    Feature record: CXX_FEATURE:1cxx_thread_local
    Feature record: CXX_FEATURE:1cxx_trailing_return_types
    Feature record: CXX_FEATURE:1cxx_unicode_literals
    Feature record: CXX_FEATURE:1cxx_uniform_initialization
    Feature record: CXX_FEATURE:1cxx_unrestricted_unions
    Feature record: CXX_FEATURE:1cxx_user_literals
    Feature record: CXX_FEATURE:1cxx_variable_templates
    Feature record: CXX_FEATURE:1cxx_variadic_macros
    Feature record: CXX_FEATURE:1cxx_variadic_templates


Detecting CXX [-std=c++11] compiler features compiled with the following output:
Change Dir: /home/renard_e/2/systeme_unix_reseaux/PSU_2016_zappy/client.d/CMakeFiles/CMakeTmp

Run Build Command:"/usr/bin/gmake" "cmTC_5c84c/fast"
/usr/bin/gmake -f CMakeFiles/cmTC_5c84c.dir/build.make CMakeFiles/cmTC_5c84c.dir/build
gmake[1]: Entering directory '/home/renard_e/2/systeme_unix_reseaux/PSU_2016_zappy/client.d/CMakeFiles/CMakeTmp'
Building CXX object CMakeFiles/cmTC_5c84c.dir/feature_tests.cxx.o
/usr/bin/c++     -std=c++11 -o CMakeFiles/cmTC_5c84c.dir/feature_tests.cxx.o -c /home/renard_e/2/systeme_unix_reseaux/PSU_2016_zappy/client.d/CMakeFiles/feature_tests.cxx
Linking CXX executable cmTC_5c84c
/usr/bin/cmake -E cmake_link_script CMakeFiles/cmTC_5c84c.dir/link.txt --verbose=1
/usr/bin/c++        CMakeFiles/cmTC_5c84c.dir/feature_tests.cxx.o  -o cmTC_5c84c 
gmake[1]: Leaving directory '/home/renard_e/2/systeme_unix_reseaux/PSU_2016_zappy/client.d/CMakeFiles/CMakeTmp'


    Feature record: CXX_FEATURE:0cxx_aggregate_default_initializers
    Feature record: CXX_FEATURE:1cxx_alias_templates
    Feature record: CXX_FEATURE:1cxx_alignas
    Feature record: CXX_FEATURE:1cxx_alignof
    Feature record: CXX_FEATURE:1cxx_attributes
    Feature record: CXX_FEATURE:0cxx_attribute_deprecated
    Feature record: CXX_FEATURE:1cxx_auto_type
    Feature record: CXX_FEATURE:0cxx_binary_literals
    Feature record: CXX_FEATURE:1cxx_constexpr
    Feature record: CXX_FEATURE:0cxx_contextual_conversions
    Feature record: CXX_FEATURE:1cxx_decltype
    Feature record: CXX_FEATURE:0cxx_decltype_auto
    Feature record: CXX_FEATURE:1cxx_decltype_incomplete_return_types
    Feature record: CXX_FEATURE:1cxx_default_function_template_args
    Feature record: CXX_FEATURE:1cxx_defaulted_functions
    Feature record: CXX_FEATURE:1cxx_defaulted_move_initializers
    Feature record: CXX_FEATURE:1cxx_delegating_constructors
    Feature record: CXX_FEATURE:1cxx_deleted_functions
    Feature record: CXX_FEATURE:0cxx_digit_separators
    Feature record: CXX_FEATURE:1cxx_enum_forward_declarations
    Feature record: CXX_FEATURE:1cxx_explicit_conversions
    Feature record: CXX_FEATURE:1cxx_extended_friend_declarations
    Feature record: CXX_FEATURE:1cxx_extern_templates
    Feature record: CXX_FEATURE:1cxx_final
    Feature record: CXX_FEATURE:1cxx_func_identifier
    Feature record: CXX_FEATURE:1cxx_generalized_initializers
    Feature record: CXX_FEATURE:0cxx_generic_lambdas
    Feature record: CXX_FEATURE:1cxx_inheriting_constructors
    Feature record: CXX_FEATURE:1cxx_inline_namespaces
    Feature record: CXX_FEATURE:1cxx_lambdas
    Feature record: CXX_FEATURE:0cxx_lambda_init_captures
    Feature record: CXX_FEATURE:1cxx_local_type_template_args
    Feature record: CXX_FEATURE:1cxx_long_long_type
    Feature record: CXX_FEATURE:1cxx_noexcept
    Feature record: CXX_FEATURE:1cxx_nonstatic_member_init
    Feature record: CXX_FEATURE:1cxx_nullptr
    Feature record: CXX_FEATURE:1cxx_override
    Feature record: CXX_FEATURE:1cxx_range_for
    Feature record: CXX_FEATURE:1cxx_raw_string_literals
    Feature record: CXX_FEATURE:1cxx_reference_qualified_functions
    Feature record: CXX_FEATURE:0cxx_relaxed_constexpr
    Feature record: CXX_FEATURE:0cxx_return_type_deduction
    Feature record: CXX_FEATURE:1cxx_right_angle_brackets
    Feature record: CXX_FEATURE:1cxx_rvalue_references
    Feature record: CXX_FEATURE:1cxx_sizeof_member
    Feature record: CXX_FEATURE:1cxx_static_assert
    Feature record: CXX_FEATURE:1cxx_strong_enums
    Feature record: CXX_FEATURE:1cxx_template_template_parameters
    Feature record: CXX_FEATURE:1cxx_thread_local
    Feature record: CXX_FEATURE:1cxx_trailing_return_types
    Feature record: CXX_FEATURE:1cxx_unicode_literals
    Feature record: CXX_FEATURE:1cxx_uniform_initialization
    Feature record: CXX_FEATURE:1cxx_unrestricted_unions
    Feature record: CXX_FEATURE:1cxx_user_literals
    Feature record: CXX_FEATURE:0cxx_variable_templates
    Feature record: CXX_FEATURE:1cxx_variadic_macros
    Feature record: CXX_FEATURE:1cxx_variadic_templates


Detecting CXX [-std=c++98] compiler features compiled with the following output:
Change Dir: /home/renard_e/2/systeme_unix_reseaux/PSU_2016_zappy/client.d/CMakeFiles/CMakeTmp

Run Build Command:"/usr/bin/gmake" "cmTC_4de70/fast"
/usr/bin/gmake -f CMakeFiles/cmTC_4de70.dir/build.make CMakeFiles/cmTC_4de70.dir/build
gmake[1]: Entering directory '/home/renard_e/2/systeme_unix_reseaux/PSU_2016_zappy/client.d/CMakeFiles/CMakeTmp'
Building CXX object CMakeFiles/cmTC_4de70.dir/feature_tests.cxx.o
/usr/bin/c++     -std=c++98 -o CMakeFiles/cmTC_4de70.dir/feature_tests.cxx.o -c /home/renard_e/2/systeme_unix_reseaux/PSU_2016_zappy/client.d/CMakeFiles/feature_tests.cxx
Linking CXX executable cmTC_4de70
/usr/bin/cmake -E cmake_link_script CMakeFiles/cmTC_4de70.dir/link.txt --verbose=1
/usr/bin/c++        CMakeFiles/cmTC_4de70.dir/feature_tests.cxx.o  -o cmTC_4de70 
gmake[1]: Leaving directory '/home/renard_e/2/systeme_unix_reseaux/PSU_2016_zappy/client.d/CMakeFiles/CMakeTmp'


    Feature record: CXX_FEATURE:0cxx_aggregate_default_initializers
    Feature record: CXX_FEATURE:0cxx_alias_templates
    Feature record: CXX_FEATURE:0cxx_alignas
    Feature record: CXX_FEATURE:0cxx_alignof
    Feature record: CXX_FEATURE:0cxx_attributes
    Feature record: CXX_FEATURE:0cxx_attribute_deprecated
    Feature record: CXX_FEATURE:0cxx_auto_type
    Feature record: CXX_FEATURE:0cxx_binary_literals
    Feature record: CXX_FEATURE:0cxx_constexpr
    Feature record: CXX_FEATURE:0cxx_contextual_conversions
    Feature record: CXX_FEATURE:0cxx_decltype
    Feature record: CXX_FEATURE:0cxx_decltype_auto
    Feature record: CXX_FEATURE:0cxx_decltype_incomplete_return_types
    Feature record: CXX_FEATURE:0cxx_default_function_template_args
    Feature record: CXX_FEATURE:0cxx_defaulted_functions
    Feature record: CXX_FEATURE:0cxx_defaulted_move_initializers
    Feature record: CXX_FEATURE:0cxx_delegating_constructors
    Feature record: CXX_FEATURE:0cxx_deleted_functions
    Feature record: CXX_FEATURE:0cxx_digit_separators
    Feature record: CXX_FEATURE:0cxx_enum_forward_declarations
    Feature record: CXX_FEATURE:0cxx_explicit_conversions
    Feature record: CXX_FEATURE:0cxx_extended_friend_declarations
    Feature record: CXX_FEATURE:0cxx_extern_templates
    Feature record: CXX_FEATURE:0cxx_final
    Feature record: CXX_FEATURE:0cxx_func_identifier
    Feature record: CXX_FEATURE:0cxx_generalized_initializers
    Feature record: CXX_FEATURE:0cxx_generic_lambdas
    Feature record: CXX_FEATURE:0cxx_inheriting_constructors
    Feature record: CXX_FEATURE:0cxx_inline_namespaces
    Feature record: CXX_FEATURE:0cxx_lambdas
    Feature record: CXX_FEATURE:0cxx_lambda_init_captures
    Feature record: CXX_FEATURE:0cxx_local_type_template_args
    Feature record: CXX_FEATURE:0cxx_long_long_type
    Feature record: CXX_FEATURE:0cxx_noexcept
    Feature record: CXX_FEATURE:0cxx_nonstatic_member_init
    Feature record: CXX_FEATURE:0cxx_nullptr
    Feature record: CXX_FEATURE:0cxx_override
    Feature record: CXX_FEATURE:0cxx_range_for
    Feature record: CXX_FEATURE:0cxx_raw_string_literals
    Feature record: CXX_FEATURE:0cxx_reference_qualified_functions
    Feature record: CXX_FEATURE:0cxx_relaxed_constexpr
    Feature record: CXX_FEATURE:0cxx_return_type_deduction
    Feature record: CXX_FEATURE:0cxx_right_angle_brackets
    Feature record: CXX_FEATURE:0cxx_rvalue_references
    Feature record: CXX_FEATURE:0cxx_sizeof_member
    Feature record: CXX_FEATURE:0cxx_static_assert
    Feature record: CXX_FEATURE:0cxx_strong_enums
    Feature record: CXX_FEATURE:1cxx_template_template_parameters
    Feature record: CXX_FEATURE:0cxx_thread_local
    Feature record: CXX_FEATURE:0cxx_trailing_return_types
    Feature record: CXX_FEATURE:0cxx_unicode_literals
    Feature record: CXX_FEATURE:0cxx_uniform_initialization
    Feature record: CXX_FEATURE:0cxx_unrestricted_unions
    Feature record: CXX_FEATURE:0cxx_user_literals
    Feature record: CXX_FEATURE:0cxx_variable_templates
    Feature record: CXX_FEATURE:0cxx_variadic_macros
    Feature record: CXX_FEATURE:0cxx_variadic_templates
